[debug] [2023-07-19T09:18:49.441Z] ----------------------------------------------------------------------
[debug] [2023-07-19T09:18:49.443Z] Command:       /usr/local/bin/node /usr/local/bin/firebase init
[debug] [2023-07-19T09:18:49.443Z] CLI Version:   12.3.1
[debug] [2023-07-19T09:18:49.444Z] Platform:      darwin
[debug] [2023-07-19T09:18:49.444Z] Node Version:  v18.16.0
[debug] [2023-07-19T09:18:49.446Z] Time:          Wed Jul 19 2023 09:18:49 GMT+0000 (Greenwich Mean Time)
[debug] [2023-07-19T09:18:49.447Z] ----------------------------------------------------------------------
[debug] 
[debug] [2023-07-19T09:18:49.454Z] > command requires scopes: ["email","openid","https://www.googleapis.com/auth/cloudplatformprojects.readonly","https://www.googleapis.com/auth/firebase","https://www.googleapis.com/auth/cloud-platform"]
[debug] [2023-07-19T09:18:49.455Z] > authorizing via signed-in user (fayeyoussoupha@gmail.com)
[info] 
     ######## #### ########  ######## ########     ###     ######  ########
     ##        ##  ##     ## ##       ##     ##  ##   ##  ##       ##
     ######    ##  ########  ######   ########  #########  ######  ######
     ##        ##  ##    ##  ##       ##     ## ##     ##       ## ##
     ##       #### ##     ## ######## ########  ##     ##  ######  ########

You're about to initialize a Firebase project in this directory:

  /Users/youtech/Desktop/projects/angular_projects/jour-date

[info] 
=== Project Setup
[info] 
[info] First, let's associate this project directory with a Firebase project.
[info] You can create multiple project aliases by running firebase use --add, 
[info] but for now we'll just set up a default project.
[info] 
[debug] [2023-07-19T09:19:39.079Z] > refreshing access token with scopes: []
[debug] [2023-07-19T09:19:39.081Z] >>> [apiv2][query] POST https://www.googleapis.com/oauth2/v3/token [none]
[debug] [2023-07-19T09:19:39.082Z] >>> [apiv2][body] POST https://www.googleapis.com/oauth2/v3/token [omitted]
[debug] [2023-07-19T09:19:39.493Z] <<< [apiv2][status] POST https://www.googleapis.com/oauth2/v3/token 200
[debug] [2023-07-19T09:19:39.493Z] <<< [apiv2][body] POST https://www.googleapis.com/oauth2/v3/token [omitted]
[debug] [2023-07-19T09:19:39.540Z] >>> [apiv2][query] GET https://firebase.googleapis.com/v1beta1/projects pageSize=100
[debug] [2023-07-19T09:19:40.539Z] <<< [apiv2][status] GET https://firebase.googleapis.com/v1beta1/projects 200
[debug] [2023-07-19T09:19:40.539Z] <<< [apiv2][body] GET https://firebase.googleapis.com/v1beta1/projects [omitted]
[info] i  Using project jour-date (jour-date) 
[info] 
=== Firestore Setup
[debug] [2023-07-19T09:19:42.924Z] >>> [apiv2][query] GET https://serviceusage.googleapis.com/v1/projects/jour-date/services/firestore.googleapis.com [none]
[debug] [2023-07-19T09:19:42.924Z] >>> [apiv2][(partial)header] GET https://serviceusage.googleapis.com/v1/projects/jour-date/services/firestore.googleapis.com x-goog-quota-user=projects/jour-date
[debug] [2023-07-19T09:19:44.022Z] <<< [apiv2][status] GET https://serviceusage.googleapis.com/v1/projects/jour-date/services/firestore.googleapis.com 200
[debug] [2023-07-19T09:19:44.022Z] <<< [apiv2][body] GET https://serviceusage.googleapis.com/v1/projects/jour-date/services/firestore.googleapis.com [omitted]
[debug] [2023-07-19T09:19:44.022Z] >>> [apiv2][query] GET https://firestore.googleapis.com/v1/projects/jour-date/databases/(default) [none]
[debug] [2023-07-19T09:19:45.149Z] <<< [apiv2][status] GET https://firestore.googleapis.com/v1/projects/jour-date/databases/(default) 200
[debug] [2023-07-19T09:19:45.149Z] <<< [apiv2][body] GET https://firestore.googleapis.com/v1/projects/jour-date/databases/(default) {"name":"projects/jour-date/databases/(default)","uid":"3a62e312-e37c-456c-a9c7-d0c986006ec2","createTime":"2023-07-18T13:10:53.971210Z","updateTime":"2023-07-18T13:10:53.971210Z","locationId":"nam5","type":"FIRESTORE_NATIVE","concurrencyMode":"PESSIMISTIC","versionRetentionPeriod":"3600s","earliestVersionTime":"2023-07-19T08:19:45.111172Z","appEngineIntegrationMode":"DISABLED","keyPrefix":"s","pointInTimeRecoveryEnablement":"POINT_IN_TIME_RECOVERY_DISABLED","deleteProtectionState":"DELETE_PROTECTION_DISABLED","etag":"IMH7s8K4moADMJaPvo+rmIAD"}
[debug] [2023-07-19T09:19:45.150Z] database_type: FIRESTORE_NATIVE
[debug] [2023-07-19T09:19:45.150Z] > command requires scopes: ["email","openid","https://www.googleapis.com/auth/cloudplatformprojects.readonly","https://www.googleapis.com/auth/firebase","https://www.googleapis.com/auth/cloud-platform"]
[debug] [2023-07-19T09:19:45.150Z] > authorizing via signed-in user (fayeyoussoupha@gmail.com)
[debug] [2023-07-19T09:19:45.150Z] [iam] checking project jour-date for permissions ["firebase.projects.get"]
[debug] [2023-07-19T09:19:45.151Z] >>> [apiv2][query] POST https://cloudresourcemanager.googleapis.com/v1/projects/jour-date:testIamPermissions [none]
[debug] [2023-07-19T09:19:45.151Z] >>> [apiv2][(partial)header] POST https://cloudresourcemanager.googleapis.com/v1/projects/jour-date:testIamPermissions x-goog-quota-user=projects/jour-date
[debug] [2023-07-19T09:19:45.151Z] >>> [apiv2][body] POST https://cloudresourcemanager.googleapis.com/v1/projects/jour-date:testIamPermissions {"permissions":["firebase.projects.get"]}
[debug] [2023-07-19T09:19:46.073Z] <<< [apiv2][status] POST https://cloudresourcemanager.googleapis.com/v1/projects/jour-date:testIamPermissions 200
[debug] [2023-07-19T09:19:46.073Z] <<< [apiv2][body] POST https://cloudresourcemanager.googleapis.com/v1/projects/jour-date:testIamPermissions {"permissions":["firebase.projects.get"]}
[info] 
[info] Firestore Security Rules allow you to define how and when to allow
[info] requests. You can keep these rules in your project directory
[info] and publish them with firebase deploy.
[info] 
[debug] [2023-07-19T09:19:51.413Z] >>> [apiv2][query] GET https://firebaserules.googleapis.com/v1/projects/jour-date/releases pageSize=10&pageToken=
[debug] [2023-07-19T09:19:51.905Z] <<< [apiv2][status] GET https://firebaserules.googleapis.com/v1/projects/jour-date/releases 200
[debug] [2023-07-19T09:19:51.905Z] <<< [apiv2][body] GET https://firebaserules.googleapis.com/v1/projects/jour-date/releases {"releases":[{"name":"projects/jour-date/releases/cloud.firestore","rulesetName":"projects/jour-date/rulesets/d7947afe-02f9-4394-be02-e1d0497b75a9","createTime":"2023-07-18T13:11:01.197016Z","updateTime":"2023-07-18T14:55:26.504034Z"}]}
[debug] [2023-07-19T09:19:51.906Z] Found ruleset: projects/jour-date/rulesets/d7947afe-02f9-4394-be02-e1d0497b75a9
[debug] [2023-07-19T09:19:51.906Z] >>> [apiv2][query] GET https://firebaserules.googleapis.com/v1/projects/jour-date/rulesets/d7947afe-02f9-4394-be02-e1d0497b75a9 [none]
[debug] [2023-07-19T09:19:52.317Z] <<< [apiv2][status] GET https://firebaserules.googleapis.com/v1/projects/jour-date/rulesets/d7947afe-02f9-4394-be02-e1d0497b75a9 200
[debug] [2023-07-19T09:19:52.317Z] <<< [apiv2][body] GET https://firebaserules.googleapis.com/v1/projects/jour-date/rulesets/d7947afe-02f9-4394-be02-e1d0497b75a9 [omitted]
[info] 
[info] Firestore indexes allow you to perform complex queries while
[info] maintaining performance that scales with the size of the result
[info] set. You can keep index definitions in your project directory
[info] and publish them with firebase deploy.
[info] 
[debug] [2023-07-19T09:20:00.798Z] >>> [apiv2][query] GET https://firestore.googleapis.com/v1/projects/jour-date/databases/(default)/collectionGroups/-/indexes [none]
[debug] [2023-07-19T09:20:00.801Z] >>> [apiv2][query] GET https://firestore.googleapis.com/v1/projects/jour-date/databases/(default)/collectionGroups/-/fields?filter=indexConfig.usesAncestorConfig=false OR ttlConfig:* [none]
[debug] [2023-07-19T09:20:01.835Z] <<< [apiv2][status] GET https://firestore.googleapis.com/v1/projects/jour-date/databases/(default)/collectionGroups/-/indexes 200
[debug] [2023-07-19T09:20:01.835Z] <<< [apiv2][body] GET https://firestore.googleapis.com/v1/projects/jour-date/databases/(default)/collectionGroups/-/indexes {}
[debug] [2023-07-19T09:20:01.920Z] <<< [apiv2][status] GET https://firestore.googleapis.com/v1/projects/jour-date/databases/(default)/collectionGroups/-/fields?filter=indexConfig.usesAncestorConfig=false OR ttlConfig:* 200
[debug] [2023-07-19T09:20:01.921Z] <<< [apiv2][body] GET https://firestore.googleapis.com/v1/projects/jour-date/databases/(default)/collectionGroups/-/fields?filter=indexConfig.usesAncestorConfig=false OR ttlConfig:* {"fields":[{"name":"projects/jour-date/databases/(default)/collectionGroups/__default__/fields/*","indexConfig":{"indexes":[{"queryScope":"COLLECTION","fields":[{"fieldPath":"*","order":"ASCENDING"}],"state":"READY"},{"queryScope":"COLLECTION","fields":[{"fieldPath":"*","order":"DESCENDING"}],"state":"READY"},{"queryScope":"COLLECTION","fields":[{"fieldPath":"*","arrayConfig":"CONTAINS"}],"state":"READY"}]}}]}
[info] 
=== Hosting Setup
[info] 
[info] Your public directory is the folder (relative to your project directory) that
[info] will contain Hosting assets to be uploaded with firebase deploy. If you
[info] have a build process for your assets, use your build's output directory.
[info] 
